<?xml version='1.0' encoding='UTF-8'?>
<testsuite hostname="IanWu" name="cpu.CoreTest" tests="1" errors="0" failures="1" skipped="0" time="4.241" timestamp="2025-12-05T23:16:52">
          <properties>
[...]
</properties>
          <testcase classname="cpu.CoreTest" name="Core should match golden memory" time="4.241">
                      <failure message="assertion failed: Data memory mismatch (4 errors)" type="java.lang.AssertionError">java.lang.AssertionError: assertion failed: Data memory mismatch (4 errors)
	at scala.Predef$.assert(Predef.scala:279)
	at chisel3.assert$.apply(VerificationStatement.scala:49)
	at cpu.CoreTestFunc.testFn(CoreTest.scala:68)
	at cpu.CoreTestFunc.testFn$(CoreTest.scala:14)
	at cpu.CoreTest.testFn(CoreTest.scala:77)
	at cpu.CoreTest.$anonfun$new$3(CoreTest.scala:81)
	at cpu.CoreTest.$anonfun$new$3$adapted(CoreTest.scala:79)
	at chiseltest.internal.GenericBackend.$anonfun$run$1(GenericBackend.scala:151)
	at chiseltest.internal.ThreadedBackend$TesterThread$$anon$1.$anonfun$run$1(ThreadedBackend.scala:495)
	at chiseltest.internal.GenericBackend.doTimescope(GenericBackend.scala:96)
	at chiseltest.internal.ThreadedBackend$TesterThread$$anon$1.run(ThreadedBackend.scala:495)
	at java.base/java.lang.Thread.run(Thread.java:840)
</failure>
                    </testcase>
          <system-out><![CDATA[]]></system-out>
          <system-err><![CDATA[]]></system-err>
        </testsuite>